<?xml version="1.0" encoding="UTF-8"?>
<!-- Generated by org.testng.reporters.JUnitReportReporter -->
<testsuite hostname="DESKTOP-C2JSM5E" failures="0" tests="1" name="sql.testing.SeleniumTest" time="24.074" errors="0" timestamp="12 Oct 2022 12:26:28 GMT">
  <testcase classname="sql.testing.SeleniumTest" name="navigateComponenets" time="24.074"/>
</testsuite> <!-- sql.testing.SeleniumTest -->
