<?xml version="1.0" encoding="UTF-8"?>
<!-- Generated by org.testng.reporters.JUnitReportReporter -->
<testsuite hostname="DESKTOP-C2JSM5E" failures="0" tests="1" name="com.test.layer.HomePageTest" time="15.882" errors="0" timestamp="7 Apr 2023 09:31:08 GMT">
  <testcase classname="com.test.layer.HomePageTest" name="Componenets" time="15.882"/>
</testsuite> <!-- com.test.layer.HomePageTest -->
