<?xml version="1.0" encoding="UTF-8"?>
<!-- Generated by org.testng.reporters.JUnitReportReporter -->
<testsuite hostname="DESKTOP-C2JSM5E" failures="0" tests="1" name="com.test.layer.HomePageMoolya" time="22.973" errors="0" timestamp="3 Nov 2022 14:05:16 GMT">
  <testcase classname="com.test.layer.HomePageMoolya" name="gettitletc" time="22.973"/>
</testsuite> <!-- com.test.layer.HomePageMoolya -->
